<?xml version="1.0" encoding="UTF-8"?>
<!-- Generated by org.testng.reporters.JUnitReportReporter -->
<testsuite hostname="DESKTOP-FMHTC77" failures="0" tests="2" name="com.tests.LoginTest" time="34.446" errors="0" timestamp="2022-10-18T14:07:22 IST" skipped="0">
  <testcase classname="com.tests.LoginTest" name="freeCrmTitleTest" time="18.110"/>
  <system-out/>
  <testcase classname="com.tests.LoginTest" name="freemCRMLogoTest" time="16.336"/>
  <system-out/>
</testsuite> <!-- com.tests.LoginTest -->
